0x05C54288                control_bootstarp created
0x05C54530                      MassMixer-0 created
0x05C54720                      MassMixer-1 created
0x05C54D90                      MassMixer-2 created
0x04F8B368                      MassMixer-3 created
0x05C630A0                    MassEventUser created
0x05C63298                   MassEventTimer created
0x05C636D0                     MassProc-MaR created
0x05C65DA0                             OSDP created
0x05C65F88                             DEVT created
0x05C66170                             SMTP created
0x05C66358                        sdk-timer created
0x05C66548                  advanced_loader created
0x05C66740            advanced_loader_timer created
0x05C66940                           dvb-si created
0x05C66B30                             ASRX created
0x05C66D18                             CDT0 created
0x05C67E58                             smct created
0x05C67798                             CAST created
0x05C67A68                             SCKT created
0x05C67C18                      socket-loop created
0x05C67AF8                     socket-timer created
0x05C67DC8                            image created
0x05C67B88                         vod-loop created
0x05C67708                        vod-timer created
0x05C679D8                           dvb-si created
0x05C67828                  MassTsptFilterP created
0x05C678B8                             RTTD created
0x05C67288                             RTPC created
0x05C66F28                       dvb-si-tmr created
0x05C67CA8                      MassTuner-0 created
0x05C66FB8                      soundeffect created
0x05C670D8                  watermark_delay created


==================================================================================
  线程句柄                         线程名称       时间         次数 方法(状态)
0x05C67B88                         vod-loop                         running
0x05C67828                  MassTsptFilterP                         running
0x05C67AF8                     socket-timer                         running
0x05C679D8                           dvb-si                         running
0x05C67708                        vod-timer                         running
0x05C67A68                             SCKT                         running
0x05C66B30                             ASRX                         running
0x05C66FB8                      soundeffect                         running
0x05C67C18                      socket-loop                         running
0x05C54530                      MassMixer-0                         running
0x05C67798                             CAST                         running
0x05C54D90                      MassMixer-2                         running
0x04F8B368                      MassMixer-3                         running
0x05C66D18                             CDT0                         running
0x05C67288                             RTPC                         running
0x05C67CA8                      MassTuner-0                         running
0x05C636D0                     MassProc-MaR                         running
0x05C63298                   MassEventTimer                         running
0x05C66170                             SMTP                         running
0x05C66F28                       dvb-si-tmr                         running
0x05C670D8                  watermark_delay                         running
0x05C630A0                    MassEventUser                         running
0x05C678B8                             RTTD                         running
0x05C66740            advanced_loader_timer                         running
0x05C54288                control_bootstarp                         running
0x05C67E58                             smct                         running
0x05C67DC8                            image                         running
0x05C66548                  advanced_loader                         running
==================================================================================


0x05C66358                        sdk-timer joinning
0x05C66358                        sdk-timer joined
0x05C66358                        sdk-timer destroyed
0x05C67828                  MassTsptFilterP joinning
0x05C67828                  MassTsptFilterP joined
0x05C67828                  MassTsptFilterP destroyed
0x05C67CA8                      MassTuner-0 joinning
0x05C67CA8                      MassTuner-0 joined
0x05C67CA8                      MassTuner-0 destroyed
0x05C66B30                             ASRX joinning
0x05C66B30                             ASRX joined
0x05C66B30                             ASRX destroyed
0x05C66F28                       dvb-si-tmr joinning
0x05C66F28                       dvb-si-tmr joined
0x05C66F28                       dvb-si-tmr destroyed
0x05C670D8                  watermark_delay joinning
0x05C670D8                  watermark_delay joined
0x05C670D8                  watermark_delay destroyed
0x05C67DC8                            image joinning
0x05C67DC8                            image joined
0x05C67DC8                            image destroyed
0x05C67708                        vod-timer joinning
0x05C67708                        vod-timer joined
0x05C67708                        vod-timer destroyed
0x05C67B88                         vod-loop joinning
0x05C67B88                         vod-loop joined
0x05C67B88                         vod-loop destroyed
0x05C67288                             RTPC joinning
0x05C67288                             RTPC joined
0x05C67288                             RTPC destroyed
0x05C678B8                             RTTD joinning
0x05C678B8                             RTTD joined
0x05C678B8                             RTTD destroyed
